Welcome to MAGMA v1.10 (custom)
Using flags:
	--gene-results ../results/magma/snRNAseq_HEIGHT.magma.35UP_10DOWN.genes.raw
	--set-annot ../results/gene_lists/herring_dwnSmpl/MAGMA/herring_dwnSmpl_lvl2.txt
	--out ../results/magma/snRNAseq_HEIGHT.herring_dwnSmpl.lvl2.magma.35UP_10DOWN

Start time is 21:22:21, Thursday 14 Dec 2023

Reading file ../results/magma/snRNAseq_HEIGHT.magma.35UP_10DOWN.genes.raw... 
	49565 genes read from file
Loading gene-set annotation...
Reading file ../results/gene_lists/herring_dwnSmpl/MAGMA/herring_dwnSmpl_lvl2.txt... 
	84 gene-set definitions read from file
	found 84 gene sets containing genes defined in genotype data (containing a total of 17405 unique genes)
Preparing variables for analysis...
	truncating Z-scores 3 points below zero or 6 standard deviations above the mean
	truncating covariate values more than 5 standard deviations from the mean
	total variables available for analysis: 84 gene sets

Parsing model specifications...
Inverting gene-gene correlation matrix...
Performing regression analysis...
	testing direction: one-sided, positive (sets), two-sided (covar)
	conditioning on internal variables:
		gene size, log(gene size)
		gene density, log(gene density)
		sample size, log(sample size)
		inverse mac, log(inverse mac)
	analysing individual variables

	analysing single-variable models (number of models: 84)
	writing results to file ../results/magma/snRNAseq_HEIGHT.herring_dwnSmpl.lvl2.magma.35UP_10DOWN.gsa.out
	writing gene information to file ../results/magma/snRNAseq_HEIGHT.herring_dwnSmpl.lvl2.magma.35UP_10DOWN.gsa.genes.out
	writing gene analysis results per significant result (after multiple testing correction, at alpha = 0.05) to file ../results/magma/snRNAseq_HEIGHT.herring_dwnSmpl.lvl2.magma.35UP_10DOWN.gsa.sets.genes.out

End time is 21:30:37, Thursday 14 Dec 2023 (elapsed: 00:08:16)
