# TOTAL_GENES = 32284
# TEST_DIRECTION = one-sided, positive (set), two-sided (covar)
# CONDITIONED_INTERNAL = gene size, gene density, inverse mac, log(gene size), log(gene density), log(inverse mac)
VARIABLE                 TYPE  NGENES         BETA     BETA_STD           SE            P
Astro_dev-1               SET     857      0.11651      0.01873      0.03727   0.00088634
Astro_dev-2               SET     945      0.07461     0.012577     0.034883      0.01623
Astro_dev-3               SET     633     0.090297      0.01252     0.042574      0.01697
Astro_dev-4               SET     897     0.076968      0.01265      0.03588     0.015976
Astro_dev-5               SET     385      0.03819    0.0041456      0.05176      0.23031
Astro_GFAP                SET     835     0.027003    0.0042862      0.03803      0.23884
Astro_SLC1A2              SET     922     0.057074    0.0095066     0.036099     0.056943
Astro_SLC1A2_dev          SET     842     0.072561     0.011565     0.038578     0.030001
BKGR_NRGN                 SET     557     0.021347    0.0027797     0.044065      0.31404
CCK_RELN                  SET    1048     0.055774    0.0098846     0.033883     0.049881
CCK_SORCS1                SET    1137     0.034359    0.0063335     0.032256       0.1434
CCK_SYT6                  SET     916      0.06072     0.010082     0.035303     0.042725
CGE_dev                   SET    1203      0.06205     0.011753     0.031723     0.025241
ID2_CSMD1                 SET    1107   -0.0059695   -0.0010863     0.033035       0.5717
ID2_dev                   SET     986     0.072352      0.01245     0.033826     0.016227
L2_CUX2_LAMP5             SET    1039     0.080629      0.01423     0.033968    0.0088103
L2_CUX2_LAMP5_dev         SET    1054     0.088653     0.015755     0.033958    0.0045209
L2-3_CUX2_dev-1           SET    1034     0.040907    0.0072029     0.034744      0.11953
L2-3_CUX2_dev-2           SET    1082     0.060182     0.010832     0.033223     0.035041
L2-3_CUX2_dev-3           SET    1055      0.11096     0.019728     0.033518   0.00046661
L2-3_CUX2_dev-4           SET    1166       0.1107     0.020654     0.031464   0.00021764
L2-3_CUX2_dev-5           SET     918     0.030522    0.0050732     0.035086      0.19218
L2-3_CUX2_dev-6           SET    1031     0.019776    0.0034773     0.033553       0.2778
L2-3_CUX2_dev-fetal       SET    1149     0.061568     0.011407     0.031122     0.023955
L3_CUX2_PRSS12            SET     997     0.034465    0.0059625     0.034677      0.16015
L4_RORB_dev-1             SET    1094     0.057379     0.010382     0.032128     0.037062
L4_RORB_dev-2             SET     947      0.10301     0.017382     0.035621    0.0019169
L4_RORB_dev-fetal         SET    1294      0.14333     0.028116     0.030054   9.3059e-07
L4_RORB_LRRK1             SET     961     0.087893     0.014937     0.035547    0.0067101
L4_RORB_MET               SET    1085     0.091801     0.016544     0.033553    0.0031116
L4_RORB_MME               SET    1117     0.058354     0.010665     0.032691     0.037135
L5-6_THEMIS_CNR1          SET     859     0.077168     0.012419      0.03701     0.018538
L5-6_THEMIS_dev-1         SET    1323      0.10629     0.021071     0.030278   0.00022418
L5-6_THEMIS_dev-2         SET    1008     0.091202     0.015862     0.034147    0.0037852
L5-6_THEMIS_NTNG2         SET     784     0.045375    0.0069847     0.038477      0.11915
L5-6_TLE4_dev             SET    1342      0.11698     0.023349      0.02952    3.716e-05
L5-6_TLE4_HTR2C           SET    1001    -0.028711   -0.0049767     0.033515      0.80418
L5-6_TLE4_SCUBE1          SET    1059     0.059037     0.010516     0.033307     0.038161
L5-6_TLE4_SORCS1          SET    1060     0.067459     0.012021     0.033555     0.022201
LAMP5_CCK                 SET    1024     0.037157    0.0065119     0.033373      0.13277
LAMP5_NDNF                SET    1103     0.033553    0.0060951     0.032296      0.14943
LAMP5_NOS1                SET    1024     0.032063    0.0056192     0.033752      0.17107
MGE_dev-1                 SET    1100      0.08355     0.015158      0.03226     0.004803
MGE_dev-2                 SET    1164     0.098201     0.018308     0.031411   0.00088623
Micro                     SET     637    0.0058066   0.00080757     0.042137       0.4452
Micro_out                 SET     473    -0.031726    -0.003812     0.048485      0.74355
Oligo_mat                 SET     727     0.052748     0.007826     0.040446     0.096099
Oligo-1                   SET     713     0.070433     0.010351     0.040251     0.040081
Oligo-2                   SET     744     0.039652    0.0059497     0.039423      0.15726
Oligo-3                   SET     579      0.04847    0.0064328     0.043027      0.12998
Oligo-4                   SET     622     0.045937    0.0063146     0.043331      0.14455
Oligo-5                   SET     690    0.0077846    0.0011258     0.040546      0.42387
OPC                       SET     926     0.051049    0.0085209     0.036518     0.081075
OPC_dev                   SET    1011     0.054945    0.0095699     0.034335     0.054778
OPC_MBP                   SET     843     0.049397    0.0078774     0.037624     0.094616
PN_dev                    SET    1434      0.10906     0.022469     0.029159   9.2172e-05
PV_dev                    SET     980     0.050253    0.0086217     0.033994      0.06967
PV_SCUBE3                 SET    1033     0.055243    0.0097225     0.033962     0.051915
PV_SCUBE3_dev             SET     920     0.072876     0.012126     0.035255     0.019367
PV_SST                    SET    1040     0.018837     0.003326      0.03243      0.28068
PV_SULF1                  SET    1014     0.061597     0.010744     0.033166     0.031647
PV_SULF1_dev              SET     954     0.014527      0.00246      0.03423      0.33564
PV_WFDC2                  SET    1081   -0.0044986   -0.0008093     0.032838      0.55448
SST_ADGRG6                SET     959    0.0093833    0.0015931     0.034705      0.39344
SST_ADGRG6_dev            SET    1067     0.030887    0.0055216     0.032898      0.17391
SST_B3GAT2                SET     989    -0.022074   -0.0038039     0.033908      0.74247
SST_BRINP3                SET     950    -0.036402   -0.0061519     0.034915      0.85142
SST_CALB1                 SET     975     0.054435    0.0093161     0.033433     0.051751
SST_CALB1_dev             SET    1005     0.047465    0.0082434     0.033879     0.080613
SST_NPY                   SET     841     0.036785    0.0058594     0.036317      0.15556
SST_STK32A                SET     973    -0.077833    -0.013307     0.034639      0.98767
SST_TH                    SET     871     0.007808    0.0012651     0.036413      0.41511
Vas_CLDN5                 SET     395   -0.0083745  -0.00092065     0.052109      0.56384
Vas_PDGFRB                SET     467    -0.039901   -0.0047643     0.048732      0.79354
Vas_TBX18                 SET     673    -0.077077    -0.011012     0.041197      0.96932
VIP_ABI3BP                SET    1058   -0.0094035   -0.0016742      0.03315      0.61166
VIP_ADAMTSL1              SET    1108      0.02744    0.0049955     0.032047      0.19594
VIP_CHRM2                 SET    1184     0.038058    0.0071536     0.032254      0.11901
VIP_CRH                   SET    1158     0.036583    0.0068033     0.032644      0.13122
VIP_dev                   SET     992       0.1061     0.018311     0.034603    0.0010851
VIP_DPP6                  SET    1147    0.0054564    0.0010101     0.031619       0.4315
VIP_HS3ST3A1              SET    1097     0.020215    0.0036625     0.033209      0.27136
VIP_KIRREL3               SET    1116     0.025432    0.0046461     0.032157      0.21452
VIP_PCDH20                SET     886     0.059516    0.0097234     0.036355     0.050816
