# TOTAL_GENES = 30982
# TEST_DIRECTION = one-sided, positive (set), two-sided (covar)
# CONDITIONED_INTERNAL = gene size, gene density, sample size, inverse mac, log(gene size), log(gene density), log(sample size), log(inverse mac)
VARIABLE                 TYPE  NGENES         BETA     BETA_STD           SE            P
Astro_dev-1               SET     848      0.14097     0.023001     0.061776     0.011252
Astro_dev-2               SET     929     0.036661    0.0062525      0.05889       0.2668
Astro_dev-3               SET     626      0.13621     0.019165     0.070516     0.026714
Astro_dev-4               SET     887      0.13115     0.021871     0.058352     0.012308
Astro_dev-5               SET     378      0.13418     0.014731     0.090418     0.068906
Astro_GFAP                SET     829      0.12364     0.019952     0.062404      0.02379
Astro_SLC1A2              SET     911      0.17521       0.0296     0.058528    0.0013799
Astro_SLC1A2_dev          SET     830      0.14301     0.023091     0.061995     0.010539
BKGR_NRGN                 SET     548    -0.037302    -0.004917     0.073568      0.69394
CCK_RELN                  SET    1025     0.038017    0.0067997     0.055136      0.24525
CCK_SORCS1                SET    1120    -0.048227   -0.0090023     0.054213      0.81315
CCK_SYT6                  SET     901     0.036022     0.006053      0.05905      0.27093
CGE_dev                   SET    1182     0.065722      0.01259     0.051496      0.10094
ID2_CSMD1                 SET    1095     0.020484    0.0037823     0.054292      0.35298
ID2_dev                   SET     971    -0.021196   -0.0036931     0.054771      0.65061
L2_CUX2_LAMP5             SET    1019    -0.053382   -0.0095208     0.055113      0.83362
L2_CUX2_LAMP5_dev         SET    1037     -0.15002    -0.026983     0.055237      0.99669
L2-3_CUX2_dev-1           SET    1014    -0.088295     -0.01571     0.056272      0.94168
L2-3_CUX2_dev-2           SET    1070   -0.0028363  -0.00051793     0.054085      0.52091
L2-3_CUX2_dev-3           SET    1044    -0.030579    -0.005518     0.054566      0.71239
L2-3_CUX2_dev-4           SET    1147      0.13902      0.02625      0.05294    0.0043221
L2-3_CUX2_dev-5           SET     905     0.033392    0.0056231     0.058047      0.28256
L2-3_CUX2_dev-6           SET    1011    -0.007763   -0.0013793     0.056576      0.55457
L2-3_CUX2_dev-fetal       SET    1139     0.012709    0.0023916     0.052088      0.40362
L3_CUX2_PRSS12            SET     981    -0.058023     -0.01016     0.056422      0.84811
L4_RORB_dev-1             SET    1080     0.034414    0.0063125     0.052366      0.25553
L4_RORB_dev-2             SET     938     0.071292     0.012216     0.056619      0.10399
L4_RORB_dev-fetal         SET    1279     0.044627    0.0088783     0.048812      0.18029
L4_RORB_LRRK1             SET     943     0.051806    0.0088997     0.058719      0.18882
L4_RORB_MET               SET    1067    -0.067767    -0.012358      0.05438      0.89364
L4_RORB_MME               SET    1101    -0.088212    -0.016331     0.053738      0.94965
L5-6_THEMIS_CNR1          SET     839   -0.0009039  -0.00014672     0.061578      0.50586
L5-6_THEMIS_dev-1         SET    1304       0.0815     0.016365     0.048703     0.047132
L5-6_THEMIS_dev-2         SET     993    -0.019943   -0.0035126     0.057019      0.63674
L5-6_THEMIS_NTNG2         SET     765    -0.015588    -0.002419     0.063519      0.59693
L5-6_TLE4_dev             SET    1315     0.015789    0.0031831     0.049108      0.37391
L5-6_TLE4_HTR2C           SET     989     0.049917    0.0087752     0.055727       0.1852
L5-6_TLE4_SCUBE1          SET    1046    -0.052359   -0.0094571     0.054412      0.83204
L5-6_TLE4_SORCS1          SET    1037    -0.024179    -0.004349     0.054943      0.67006
LAMP5_CCK                 SET    1004    -0.013092   -0.0023183     0.056474      0.59166
LAMP5_NDNF                SET    1087   -0.0072777   -0.0013391     0.053473      0.55413
LAMP5_NOS1                SET    1009     0.035957    0.0063825     0.056595      0.26261
MGE_dev-1                 SET    1081      0.11929     0.021891     0.054699     0.014601
MGE_dev-2                 SET    1138      0.10214     0.019212     0.051713     0.024135
Micro                     SET     613      0.10561     0.014708      0.07094      0.06829
Micro_out                 SET     457       0.1005     0.012116     0.082983      0.11294
Oligo_mat                 SET     715      0.14359     0.021561     0.066624     0.015577
Oligo-1                   SET     700     0.092089     0.013685     0.066061     0.081665
Oligo-2                   SET     731     0.090353     0.013714     0.065653     0.084383
Oligo-3                   SET     575      0.13089     0.017665     0.072583     0.035677
Oligo-4                   SET     614     0.097655     0.013611     0.070645      0.08344
Oligo-5                   SET     682     0.020697    0.0030369     0.067057      0.37879
OPC                       SET     912     0.082631     0.013967     0.059587      0.08277
OPC_dev                   SET     999     0.072005      0.01272     0.055392     0.096821
OPC_MBP                   SET     835     0.089493     0.014493      0.06082     0.070594
PN_dev                    SET    1406      0.10487     0.021829     0.047457     0.013562
PV_dev                    SET     955    -0.021401    -0.003699     0.057584      0.64492
PV_SCUBE3                 SET    1017      0.17516      0.03121     0.055709   0.00083392
PV_SCUBE3_dev             SET     906     0.089258     0.015039     0.058012     0.061958
PV_SST                    SET    1018     0.033271    0.0059312      0.05501      0.27265
PV_SULF1                  SET     997     0.055384    0.0097742     0.055598      0.15959
PV_SULF1_dev              SET     937     0.035851    0.0061397      0.05827       0.2692
PV_WFDC2                  SET    1064     0.038694    0.0070466     0.055156      0.24149
SST_ADGRG6                SET     939     0.064372     0.011036     0.057868      0.13299
SST_ADGRG6_dev            SET    1045     0.025143    0.0045391     0.054749      0.32304
SST_B3GAT2                SET     962     0.066012      0.01145     0.057504       0.1255
SST_BRINP3                SET     926     0.019233     0.003275     0.057853      0.36978
SST_CALB1                 SET     960    -0.028003   -0.0048524     0.056934      0.68858
SST_CALB1_dev             SET     987     0.015556    0.0027319      0.05821      0.39465
SST_NPY                   SET     828     0.015497    0.0024993     0.060255      0.39852
SST_STK32A                SET     950    -0.023863   -0.0041141     0.058212      0.65907
SST_TH                    SET     856    0.0078004    0.0012786     0.059833      0.44814
Vas_CLDN5                 SET     385     0.098589     0.010922     0.090922      0.13912
Vas_PDGFRB                SET     460      0.21795      0.02636     0.082779    0.0042356
Vas_TBX18                 SET     663      0.13601     0.019683     0.069422     0.025053
VIP_ABI3BP                SET    1039     0.036203    0.0065177     0.054592      0.25362
VIP_ADAMTSL1              SET    1092    -0.027455   -0.0050628     0.053342      0.69661
VIP_CHRM2                 SET    1169     0.043693    0.0083257      0.05328      0.20609
VIP_CRH                   SET    1144     0.032487    0.0061265      0.05265      0.26861
VIP_dev                   SET     976     0.043792    0.0076493      0.05617      0.21781
VIP_DPP6                  SET    1134    -0.030398   -0.0057084     0.053115      0.71644
VIP_HS3ST3A1              SET    1081    -0.069313     -0.01272     0.055979      0.89217
VIP_KIRREL3               SET    1099   0.00025702   4.7541e-05     0.054471      0.49812
VIP_PCDH20                SET     875      0.18711     0.030997     0.059189   0.00078676
