# MEAN_SAMPLE_SIZE = 46350
# TOTAL_GENES = 18883
# TEST_DIRECTION = one-sided, positive (set), two-sided (covar)
# CONDITIONED_INTERNAL = gene size, gene density, inverse mac, log(gene size), log(gene density), log(inverse mac)
VARIABLE                 TYPE  NGENES         BETA     BETA_STD           SE            P
Astro_dev-1               SET    1456   -0.0055748   -0.0014872     0.025842       0.5854
Astro_dev-2               SET    1280    -0.020929   -0.0052612     0.027165      0.77947
Astro_dev-3               SET    1226    -0.018795   -0.0046312     0.026544      0.76055
Astro_dev-4               SET    1081    -0.035351   -0.0082127     0.029076      0.88796
Astro_dev-5               SET     833   -4.676e-05  -9.6024e-06     0.033131      0.50056
Astro_GFAP                SET    1419    0.0049513    0.0013053     0.025551      0.42318
Astro_SLC1A2              SET    1414     0.023262    0.0061228     0.025805      0.18368
Astro_SLC1A2_dev          SET    1405     0.020666    0.0054235     0.026086      0.21413
BKGR_NRGN                 SET    1531    -0.034837   -0.0095092     0.024693      0.92084
CCK_RELN                  SET     956    -0.037783   -0.0082836     0.031417      0.88543
CCK_SORCS1                SET     973    -0.048288    -0.010675     0.030802      0.94151
CCK_SYT6                  SET     902     -0.01071   -0.0022842     0.031255      0.63407
CGE_dev                   SET     814     0.021025    0.0042703     0.032141      0.25651
ID2_CSMD1                 SET     959    -0.074249    -0.016303     0.030707      0.99219
ID2_dev                   SET     908    0.0065058    0.0013919     0.031393      0.41791
L2_CUX2_LAMP5             SET    1275     0.013937    0.0034971     0.026833      0.30175
L2_CUX2_LAMP5_dev         SET    1140   -0.0043452   -0.0010349     0.028041      0.56157
L2-3_CUX2_dev-1           SET    1272    -0.016273   -0.0040789     0.026928      0.72718
L2-3_CUX2_dev-2           SET    1237     -0.02796    -0.006918      0.02747      0.84561
L2-3_CUX2_dev-3           SET    1242    -0.029218   -0.0072429     0.027527      0.85574
L2-3_CUX2_dev-4           SET    1000    0.0081139    0.0018172     0.029094      0.39017
L2-3_CUX2_dev-5           SET    1266   -0.0013998  -0.00035009     0.026783      0.52084
L2-3_CUX2_dev-6           SET    1088     0.007149    0.0016659     0.028879      0.40224
L2-3_CUX2_dev-fetal       SET    1000    -0.011086   -0.0024828     0.030135      0.64352
L3_CUX2_PRSS12            SET    1202    -0.014096   -0.0034415      0.02775      0.69426
L4_RORB_dev-1             SET     881  -0.00084728   -0.0001787     0.031715      0.51066
L4_RORB_dev-2             SET    1352     0.010027    0.0025852     0.026535      0.35276
L4_RORB_dev-fetal         SET    1020    -0.013912   -0.0031448     0.030407      0.67634
L4_RORB_LRRK1             SET    1323   -0.0093734   -0.0023926     0.026448      0.63848
L4_RORB_MET               SET    1181     0.021242    0.0051436     0.027652       0.2212
L4_RORB_MME               SET    1046    -0.019511   -0.0044632     0.029892      0.74302
L5-6_THEMIS_CNR1          SET    1255    -0.012158   -0.0030286       0.0272      0.67256
L5-6_THEMIS_dev-1         SET    1001    0.0012965   0.00029049     0.029974      0.48275
L5-6_THEMIS_dev-2         SET    1266     0.046258     0.011569     0.027279     0.044976
L5-6_THEMIS_NTNG2         SET    1122   -0.0036087  -0.00085313     0.028799      0.54986
L5-6_TLE4_dev             SET     973     0.005379    0.0011892     0.030406      0.42979
L5-6_TLE4_HTR2C           SET    1140     0.038459    0.0091603     0.027987     0.084701
L5-6_TLE4_SCUBE1          SET    1232   -0.0026821  -0.00066238        0.028      0.53816
L5-6_TLE4_SORCS1          SET    1195     0.010929    0.0026609     0.027986      0.34808
LAMP5_CCK                 SET    1134   -0.0078172   -0.0018573     0.028837      0.60684
LAMP5_NDNF                SET    1024    -0.015464   -0.0035021     0.030622      0.69321
LAMP5_NOS1                SET    1068     -0.04245   -0.0098061     0.029662       0.9238
MGE_dev-1                 SET     894   0.00043134   9.1608e-05     0.030141      0.49429
MGE_dev-2                 SET     783     -0.01746    -0.003481      0.03269      0.70336
Micro                     SET    1589   -0.0046973   -0.0013041     0.024706      0.57539
Micro_out                 SET    1320   -0.0066464   -0.0016948     0.026082      0.60057
Oligo_mat                 SET    1531     0.019588    0.0053467     0.024697      0.21386
Oligo-1                   SET    1509    0.0075874    0.0020574     0.024785      0.37975
Oligo-2                   SET    1497    0.0042027    0.0011355     0.024743      0.43256
Oligo-3                   SET    1574     0.014612    0.0040391     0.024267      0.27355
Oligo-4                   SET    1369     0.032258    0.0083652     0.025949      0.10692
Oligo-5                   SET    1199      0.03302    0.0080523       0.0276      0.11578
OPC                       SET    1422    -0.021814   -0.0057565     0.025732       0.8017
OPC_dev                   SET    1093    -0.010557   -0.0024654     0.028322      0.64533
OPC_MBP                   SET    1201     0.009818    0.0023961     0.027601      0.36103
PN_dev                    SET     883   -0.0049109   -0.0010369     0.031585      0.56178
PV_dev                    SET    1103    -0.010837   -0.0025415     0.029463      0.64349
PV_SCUBE3                 SET    1011    0.0069596    0.0015667     0.029745       0.4075
PV_SCUBE3_dev             SET     889    -0.027789   -0.0058862     0.031864      0.80842
PV_SST                    SET     895    -0.016801     -0.00357      0.03172      0.70182
PV_SULF1                  SET    1050   -0.0019518  -0.00044729     0.029491      0.52638
PV_SULF1_dev              SET     940    -0.005452   -0.0011858     0.030922      0.56998
PV_WFDC2                  SET    1135   -0.0026923  -0.00063994     0.028503      0.53763
SST_ADGRG6                SET    1175     0.016588    0.0040071     0.027927      0.27627
SST_ADGRG6_dev            SET    1001    -0.011762   -0.0026355      0.03031      0.65101
SST_B3GAT2                SET    1121   0.00067859   0.00016036     0.028775      0.49059
SST_BRINP3                SET     973     0.026605    0.0058818     0.030203       0.1892
SST_CALB1                 SET    1086   -0.0057209    -0.001332     0.028724      0.57893
SST_CALB1_dev             SET    1175   -0.0022803  -0.00055085     0.028169      0.53226
SST_NPY                   SET     784    -0.019901   -0.0039701     0.033352      0.72464
SST_STK32A                SET    1105    -0.029006   -0.0068085     0.028821      0.84288
SST_TH                    SET     978    -0.052916    -0.011727     0.029751      0.96234
Vas_CLDN5                 SET    1161     -0.04087    -0.009818      0.02794      0.92823
Vas_PDGFRB                SET    1098    -0.047031    -0.011007     0.028771      0.94893
Vas_TBX18                 SET    1244    -0.048707    -0.012083     0.027226      0.96318
VIP_ABI3BP                SET    1041    0.0056379    0.0012868     0.029749      0.42485
VIP_ADAMTSL1              SET     954    -0.063234     -0.01385     0.030354      0.98137
VIP_CHRM2                 SET    1005    -0.018656    -0.004188     0.030191      0.73169
VIP_CRH                   SET     977     0.013206    0.0029252     0.030963      0.33487
VIP_dev                   SET     678     0.018412    0.0034257     0.035099      0.29994
VIP_DPP6                  SET     879    -0.040576   -0.0085485     0.032111      0.89681
VIP_HS3ST3A1              SET    1095    -0.020952   -0.0048972      0.02928      0.76287
VIP_KIRREL3               SET     958    -0.013337   -0.0029269     0.031069      0.66614
VIP_PCDH20                SET     801    0.0059999    0.0012093     0.032721      0.42726
