# TOTAL_GENES = 18888
# TEST_DIRECTION = one-sided, positive (set), two-sided (covar)
# CONDITIONED_INTERNAL = gene size, gene density, inverse mac, log(gene size), log(gene density), log(inverse mac)
VARIABLE                 TYPE  NGENES         BETA     BETA_STD           SE            P
Astro_dev-1               SET    1457    -0.017327   -0.0046231     0.032983      0.70032
Astro_dev-2               SET    1280     -0.04324    -0.010869     0.034978       0.8918
Astro_dev-3               SET    1229    -0.019466   -0.0048012     0.034406      0.71422
Astro_dev-4               SET    1083       -0.104    -0.024179     0.037062      0.99749
Astro_dev-5               SET     834    -0.041228   -0.0084702     0.041749       0.8383
Astro_GFAP                SET    1419     -0.04035    -0.010636     0.032958      0.88957
Astro_SLC1A2              SET    1415    -0.022458   -0.0059124     0.033265       0.7502
Astro_SLC1A2_dev          SET    1408    -0.020289   -0.0053291     0.033693      0.72646
BKGR_NRGN                 SET    1531    -0.013745   -0.0037515     0.031429      0.66907
CCK_RELN                  SET     960    -0.025533   -0.0056083     0.039613      0.74039
CCK_SORCS1                SET     971    -0.021335   -0.0047115     0.039127      0.70722
CCK_SYT6                  SET     902    -0.085975    -0.018334     0.040593       0.9829
CGE_dev                   SET     813     0.016775    0.0034046     0.042042      0.34495
ID2_CSMD1                 SET     956    -0.089899    -0.019707     0.039499      0.98857
ID2_dev                   SET     906   -0.0050597   -0.0010813     0.040845      0.54929
L2_CUX2_LAMP5             SET    1276     0.010112    0.0025381     0.034394      0.38437
L2_CUX2_LAMP5_dev         SET    1140     0.064004     0.015243     0.036243     0.038712
L2-3_CUX2_dev-1           SET    1272     0.048542     0.012166     0.034702     0.080941
L2-3_CUX2_dev-2           SET    1234   -0.0025371  -0.00062696      0.03494      0.52894
L2-3_CUX2_dev-3           SET    1243    -0.030352    -0.007526     0.035061      0.80667
L2-3_CUX2_dev-4           SET    1001    -0.040756   -0.0091307      0.03741      0.86201
L2-3_CUX2_dev-5           SET    1266     0.011573    0.0028942     0.034405      0.36829
L2-3_CUX2_dev-6           SET    1085    -0.005653   -0.0013154     0.037226      0.56035
L2-3_CUX2_dev-fetal       SET    1000    -0.014828   -0.0033203     0.038032      0.65168
L3_CUX2_PRSS12            SET    1204     0.012955     0.003165     0.035696      0.35833
L4_RORB_dev-1             SET     881    -0.062322    -0.013142     0.040304      0.93897
L4_RORB_dev-2             SET    1349     0.090482     0.023302     0.033848    0.0037607
L4_RORB_dev-fetal         SET    1019     0.019324    0.0043657      0.03904      0.31031
L4_RORB_LRRK1             SET    1325      0.12458     0.031819     0.033926   0.00012072
L4_RORB_MET               SET    1182     0.083494     0.020223     0.036146     0.010454
L4_RORB_MME               SET    1046     0.026454    0.0060507      0.03822      0.24443
L5-6_THEMIS_CNR1          SET    1252     0.057577     0.014324     0.034895      0.04948
L5-6_THEMIS_dev-1         SET    1000   -0.0068966   -0.0015443     0.038606      0.57089
L5-6_THEMIS_dev-2         SET    1262     0.037662    0.0094044     0.033979      0.13386
L5-6_THEMIS_NTNG2         SET    1121     0.019027    0.0044958     0.036141      0.29929
L5-6_TLE4_dev             SET     974      0.02437    0.0053895     0.039191      0.26703
L5-6_TLE4_HTR2C           SET    1146    -0.023202   -0.0055392     0.036247      0.73895
L5-6_TLE4_SCUBE1          SET    1233     0.054147     0.013376     0.035802     0.065229
L5-6_TLE4_SORCS1          SET    1194     0.074268     0.018074     0.035285     0.017663
LAMP5_CCK                 SET    1136     0.021048    0.0050045     0.037638        0.288
LAMP5_NDNF                SET    1026     -0.01333   -0.0030213     0.038613      0.63504
LAMP5_NOS1                SET    1069     0.011532    0.0026647     0.038409        0.382
MGE_dev-1                 SET     895      0.06531     0.013876      0.03937     0.048583
MGE_dev-2                 SET     785    0.0049839   0.00099474     0.042008      0.45278
Micro                     SET    1589    -0.057675     -0.01601     0.031322      0.96721
Micro_out                 SET    1321     -0.11729    -0.029914     0.034093      0.99971
Oligo_mat                 SET    1534      0.08189      0.02237     0.031752    0.0049582
Oligo-1                   SET    1510     0.062671     0.016997     0.032265     0.026054
Oligo-2                   SET    1498     0.065412     0.017676     0.031864     0.020052
Oligo-3                   SET    1577     0.087736     0.024271      0.03118    0.0024511
Oligo-4                   SET    1372     0.059006     0.015315     0.033249     0.037986
Oligo-5                   SET    1201     0.056324     0.013744     0.035695     0.057302
OPC                       SET    1424    -0.035587    -0.009396     0.033092      0.85889
OPC_dev                   SET    1092    -0.034796   -0.0081213     0.037006      0.82645
OPC_MBP                   SET    1203    -0.005625   -0.0013737     0.036511      0.56122
PN_dev                    SET     883    -0.015287   -0.0032272     0.040724      0.64631
PV_dev                    SET    1100     0.041517    0.0097232     0.037637      0.13501
PV_SCUBE3                 SET    1011    0.0034437   0.00077512     0.038034      0.46393
PV_SCUBE3_dev             SET     888    -0.018897   -0.0040001       0.0401      0.68127
PV_SST                    SET     895    -0.046783   -0.0099398     0.040035       0.8787
PV_SULF1                  SET    1047    -0.035821   -0.0081969     0.038509      0.82386
PV_SULF1_dev              SET     940    -0.041051   -0.0089273     0.039692      0.84948
PV_WFDC2                  SET    1138    0.0092044    0.0021902     0.036592       0.4007
SST_ADGRG6                SET    1176     0.011114    0.0026856     0.035778      0.37804
SST_ADGRG6_dev            SET    1001    -0.010825   -0.0024251       0.0385      0.61071
SST_B3GAT2                SET    1125    0.0092138    0.0021807     0.036344      0.39994
SST_BRINP3                SET     974    -0.020456    -0.004524     0.039514      0.69766
SST_CALB1                 SET    1086     0.025413    0.0059161      0.03735      0.24813
SST_CALB1_dev             SET    1176     0.047359     0.011444     0.035594     0.091683
SST_NPY                   SET     782    -0.089101    -0.017751     0.042356      0.98229
SST_STK32A                SET    1106    -0.023257   -0.0054608     0.037783       0.7309
SST_TH                    SET     979    -0.013957   -0.0030942     0.038262      0.64236
Vas_CLDN5                 SET    1159     -0.12481    -0.029953     0.036243      0.99971
Vas_PDGFRB                SET    1098      -0.1265    -0.029602     0.036467      0.99974
Vas_TBX18                 SET    1244     -0.20879    -0.051789     0.034914            1
VIP_ABI3BP                SET    1038    0.0029955   0.00068268     0.038388       0.4689
VIP_ADAMTSL1              SET     954    -0.025815   -0.0056533      0.03886      0.74675
VIP_CHRM2                 SET    1005    0.0021433   0.00048106     0.039086      0.47814
VIP_CRH                   SET     975    -0.022716   -0.0050262     0.039631      0.71673
VIP_dev                   SET     678    0.0087629    0.0016302     0.046037      0.42452
VIP_DPP6                  SET     878    -0.014713   -0.0030977     0.041323       0.6391
VIP_HS3ST3A1              SET    1092    -0.022098   -0.0051576     0.037877      0.72019
VIP_KIRREL3               SET     959     0.040838    0.0089655     0.040242      0.15511
VIP_PCDH20                SET     801    -0.016158   -0.0032562     0.042682      0.64749
