# TOTAL_GENES = 51176
# TEST_DIRECTION = one-sided, positive (set), two-sided (covar)
# CONDITIONED_INTERNAL = gene size, gene density, inverse mac, log(gene size), log(gene density), log(inverse mac)
VARIABLE                 TYPE  NGENES         BETA     BETA_STD           SE            P
Astro_dev-1               SET    2314     0.045253    0.0094027     0.024003     0.029699
Astro_dev-2               SET    2225     0.010457    0.0021324     0.024167      0.33263
Astro_dev-3               SET    1862     0.019002     0.003558     0.025586      0.22884
Astro_dev-4               SET    1980    -0.015306    -0.002952     0.025419      0.72647
Astro_dev-5               SET    1218     0.031049    0.0047327     0.031684      0.16356
Astro_GFAP                SET    2254    -0.016581   -0.0034024     0.023924      0.75587
Astro_SLC1A2              SET    2337     0.016064    0.0033536      0.02373      0.24922
Astro_SLC1A2_dev          SET    2250     0.031698    0.0064987     0.024796      0.10056
BKGR_NRGN                 SET    2088    0.0091966    0.0018194     0.024419      0.35323
CCK_RELN                  SET    2008    0.0058668    0.0011391     0.025271      0.40821
CCK_SORCS1                SET    2107     0.014558    0.0028925     0.024297      0.27453
CCK_SYT6                  SET    1818   -0.0094512   -0.0017494     0.025848      0.64269
CGE_dev                   SET    2016     0.042933    0.0083517     0.024583     0.040373
ID2_CSMD1                 SET    2063    -0.029813    -0.005864     0.024317       0.8899
ID2_dev                   SET    1891     0.037751    0.0071214      0.02568     0.070777
L2_CUX2_LAMP5             SET    2314     0.031594    0.0065647     0.023258     0.087171
L2_CUX2_LAMP5_dev         SET    2193     0.073176      0.01482     0.024051    0.0011741
L2-3_CUX2_dev-1           SET    2306     0.056368     0.011693     0.023455    0.0081269
L2-3_CUX2_dev-2           SET    2316     0.040505    0.0084196     0.023527     0.042575
L2-3_CUX2_dev-3           SET    2298     0.015068    0.0031205      0.02353      0.26097
L2-3_CUX2_dev-4           SET    2167     0.031784    0.0064005     0.023622     0.089235
L2-3_CUX2_dev-5           SET    2183     0.019564    0.0039536     0.023733      0.20488
L2-3_CUX2_dev-6           SET    2116     0.031309    0.0062335     0.024275     0.098572
L2-3_CUX2_dev-fetal       SET    2149     0.019051    0.0038211     0.023654      0.21029
L3_CUX2_PRSS12            SET    2201    0.0088083     0.001787     0.024253      0.35824
L4_RORB_dev-1             SET    1974    -0.014238    -0.002742     0.024535      0.71915
L4_RORB_dev-2             SET    2297      0.11494     0.023799     0.023583   5.4956e-07
L4_RORB_dev-fetal         SET    2313     0.077505     0.016101     0.023473   0.00048069
L4_RORB_LRRK1             SET    2285      0.10003     0.020661     0.023602   1.1285e-05
L4_RORB_MET               SET    2266     0.081857     0.016839     0.023816   0.00029442
L4_RORB_MME               SET    2163     0.042085    0.0084673     0.024116     0.040492
L5-6_THEMIS_CNR1          SET    2111      0.06554     0.013034     0.024258    0.0034503
L5-6_THEMIS_dev-1         SET    2323     0.056562     0.011774     0.023481    0.0080051
L5-6_THEMIS_dev-2         SET    2270     0.067297     0.013856       0.0235    0.0020949
L5-6_THEMIS_NTNG2         SET    1905     0.044175    0.0083629     0.025225     0.039954
L5-6_TLE4_dev             SET    2316     0.044988    0.0093515     0.023131     0.025895
L5-6_TLE4_HTR2C           SET    2147    -0.037713   -0.0075608     0.023962      0.94224
L5-6_TLE4_SCUBE1          SET    2292     0.037003    0.0076536     0.023661     0.058929
L5-6_TLE4_SORCS1          SET    2253     0.073969     0.015175     0.023512   0.00082831
LAMP5_CCK                 SET    2160      0.01512    0.0030401     0.024512      0.26867
LAMP5_NDNF                SET    2128     0.012288     0.002453     0.024187      0.30572
LAMP5_NOS1                SET    2093       0.0206      0.00408     0.024585      0.20104
MGE_dev-1                 SET    1995     0.054293     0.010509     0.024799      0.01429
MGE_dev-2                 SET    1949     0.055399     0.010603     0.024917       0.0131
Micro                     SET    2226    -0.028684   -0.0058508     0.024056      0.88344
Micro_out                 SET    1794    -0.075977    -0.013974     0.026335      0.99804
Oligo_mat                 SET    2261     0.082903     0.017036     0.024387   0.00033793
Oligo-1                   SET    2223     0.080204     0.016349      0.02447   0.00052386
Oligo-2                   SET    2242     0.061102     0.012506     0.024308    0.0059771
Oligo-3                   SET    2156     0.097197     0.019526     0.024445   3.5083e-05
Oligo-4                   SET    1994     0.068631     0.013281     0.025441    0.0034937
Oligo-5                   SET    1891     0.054331     0.010249     0.026098     0.018685
OPC                       SET    2350     0.033584    0.0070295      0.02391     0.080079
OPC_dev                   SET    2103     0.017275    0.0034293     0.024783      0.24288
OPC_MBP                   SET    2046     0.030458    0.0059671     0.025346      0.11475
PN_dev                    SET    2317      0.05972     0.012416     0.023307    0.0052003
PV_dev                    SET    2081     0.068924     0.013613     0.024903     0.002824
PV_SCUBE3                 SET    2043      0.01724    0.0033753     0.024798      0.24346
PV_SCUBE3_dev             SET    1808     0.036171    0.0066777     0.026241     0.084039
PV_SST                    SET    1934    -0.020556   -0.0039198     0.025064      0.79393
PV_SULF1                  SET    2061     0.001672   0.00032872     0.024662      0.47297
PV_SULF1_dev              SET    1894     -0.01973   -0.0037249     0.025495       0.7805
PV_WFDC2                  SET    2218   -0.0051178   -0.0010421     0.023781      0.58519
SST_ADGRG6                SET    2136     0.022095    0.0044188     0.024475      0.18333
SST_ADGRG6_dev            SET    2067    0.0080947    0.0015936     0.024853      0.37233
SST_B3GAT2                SET    2114     0.014748     0.002935     0.024228      0.27135
SST_BRINP3                SET    1924    0.0025475   0.00048458     0.025162      0.45968
SST_CALB1                 SET    2060   -0.0018271  -0.00035913     0.024834      0.52933
SST_CALB1_dev             SET    2180     0.023059    0.0046569     0.024167         0.17
SST_NPY                   SET    1623    -0.014453   -0.0025328     0.026774      0.70534
SST_STK32A                SET    2079    -0.047319   -0.0093418     0.024996      0.97082
SST_TH                    SET    1851   -0.0097965   -0.0018291      0.02558      0.64913
Vas_CLDN5                 SET    1554    -0.063622    -0.010917     0.028039      0.98836
Vas_PDGFRB                SET    1565    -0.071872    -0.012375     0.027423      0.99561
Vas_TBX18                 SET    1917     -0.12297     -0.02335     0.025262            1
VIP_ABI3BP                SET    2096   -0.0043305  -0.00085826     0.024446       0.5703
VIP_ADAMTSL1              SET    2062    0.0039833   0.00078329     0.024265       0.4348
VIP_CHRM2                 SET    2188     0.003857   0.00078028     0.024061      0.43632
VIP_CRH                   SET    2133    -0.010604   -0.0021194     0.024254      0.66902
VIP_dev                   SET    1669     0.028663    0.0050913     0.026856      0.14292
VIP_DPP6                  SET    2025    0.0030997   0.00060427      0.02425      0.44915
VIP_HS3ST3A1              SET    2189   -0.0059818   -0.0012104     0.024027      0.59831
VIP_KIRREL3               SET    2074     0.016041    0.0031631     0.024628      0.25742
VIP_PCDH20                SET    1687      0.03278    0.0058527     0.027121       0.1134
