# TOTAL_GENES = 51126
# TEST_DIRECTION = one-sided, positive (set), two-sided (covar)
# CONDITIONED_INTERNAL = gene size, gene density, inverse mac, log(gene size), log(gene density), log(inverse mac)
VARIABLE                 TYPE  NGENES         BETA     BETA_STD           SE            P
Astro_dev-1               SET    2314     0.059148     0.012296     0.021728     0.003244
Astro_dev-2               SET    2224     0.066926     0.013652     0.021813    0.0010775
Astro_dev-3               SET    1862     0.051276    0.0096057     0.023287      0.01384
Astro_dev-4               SET    1981     0.053534     0.010332     0.022917    0.0097478
Astro_dev-5               SET    1219     0.011237    0.0017143     0.028531      0.34685
Astro_GFAP                SET    2255     0.032794    0.0067338     0.021624     0.064693
Astro_SLC1A2              SET    2338     0.048983     0.010233     0.021341     0.010861
Astro_SLC1A2_dev          SET    2250     0.058991       0.0121     0.022017    0.0036907
BKGR_NRGN                 SET    2088     0.033098    0.0065508     0.022545     0.071046
CCK_RELN                  SET    2008    0.0087025    0.0016905     0.023016      0.35268
CCK_SORCS1                SET    2107   0.00034095   6.7775e-05     0.022229      0.49388
CCK_SYT6                  SET    1818      0.02137    0.0039575     0.023773      0.18435
CGE_dev                   SET    2016   -0.0017444   -0.0003395     0.022509      0.53089
ID2_CSMD1                 SET    2064   0.00029138   5.7353e-05     0.022436      0.49482
ID2_dev                   SET    1892    0.0090872    0.0017155     0.023552      0.34981
L2_CUX2_LAMP5             SET    2314     0.050266     0.010449     0.021328    0.0092179
L2_CUX2_LAMP5_dev         SET    2194       0.0285    0.0057759     0.021928     0.096852
L2-3_CUX2_dev-1           SET    2305     0.050475     0.010473     0.021504    0.0094597
L2-3_CUX2_dev-2           SET    2316    -0.013201   -0.0027453      0.02125      0.73276
L2-3_CUX2_dev-3           SET    2297   -0.0066605   -0.0013797     0.021314      0.62267
L2-3_CUX2_dev-4           SET    2168  -0.00091448  -0.00018428     0.021218      0.51719
L2-3_CUX2_dev-5           SET    2183     0.034004    0.0068748      0.02151     0.056964
L2-3_CUX2_dev-6           SET    2117   -0.0045315  -0.00090283     0.022032      0.58148
L2-3_CUX2_dev-fetal       SET    2149   -0.0014922  -0.00029943     0.021468      0.52771
L3_CUX2_PRSS12            SET    2199     0.051512     0.010451     0.022156      0.01004
L4_RORB_dev-1             SET    1974    -0.014942   -0.0028789     0.022402      0.74761
L4_RORB_dev-2             SET    2297     0.042446    0.0087927     0.021295     0.023122
L4_RORB_dev-fetal         SET    2313   -0.0044995  -0.00093515     0.021166      0.58417
L4_RORB_LRRK1             SET    2284     0.078791     0.016277     0.021407   0.00011654
L4_RORB_MET               SET    2265     0.041854    0.0086121     0.021851     0.027722
L4_RORB_MME               SET    2162     0.034691    0.0069814     0.022137     0.058556
L5-6_THEMIS_CNR1          SET    2110     0.074926     0.014904     0.022148   0.00035888
L5-6_THEMIS_dev-1         SET    2323     0.015712    0.0032723     0.021116      0.22841
L5-6_THEMIS_dev-2         SET    2269     0.012279    0.0025288     0.021535      0.28427
L5-6_THEMIS_NTNG2         SET    1905     0.061491     0.011646      0.02311    0.0038993
L5-6_TLE4_dev             SET    2314     0.012211    0.0025384     0.020893      0.27946
L5-6_TLE4_HTR2C           SET    2146   -0.0055568   -0.0011143     0.021772      0.60072
L5-6_TLE4_SCUBE1          SET    2292     0.024213    0.0050104     0.021491      0.12995
L5-6_TLE4_SORCS1          SET    2253     0.028611    0.0058723      0.02154     0.092052
LAMP5_CCK                 SET    2160     0.031903    0.0064176     0.021955     0.073095
LAMP5_NDNF                SET    2129     0.036119    0.0072155     0.022093     0.051044
LAMP5_NOS1                SET    2091     0.050445     0.009991     0.022382     0.012106
MGE_dev-1                 SET    1995  -0.00057586  -0.00011151     0.022667      0.51013
MGE_dev-2                 SET    1947    0.0081253    0.0015552     0.022351      0.35811
Micro                     SET    2224    -0.030547    -0.006231     0.021849      0.91895
Micro_out                 SET    1792    -0.061144    -0.011245     0.023644      0.99514
Oligo_mat                 SET    2261     0.019735    0.0040574     0.022003      0.18488
Oligo-1                   SET    2223   -0.0060885   -0.0012417      0.02204      0.60882
Oligo-2                   SET    2241     0.013118    0.0026856     0.021803       0.2737
Oligo-3                   SET    2156     0.034965    0.0070273      0.02217     0.057381
Oligo-4                   SET    1994     0.015227    0.0029479     0.022886      0.25292
Oligo-5                   SET    1891    0.0017652   0.00033315     0.023656      0.47026
OPC                       SET    2350   -0.0043309  -0.00090694     0.021456      0.57998
OPC_dev                   SET    2102    -0.013953   -0.0027705     0.022405      0.73328
OPC_MBP                   SET    2044    0.0066777    0.0013083     0.022702      0.38432
PN_dev                    SET    2317    -0.028116   -0.0058484     0.020944      0.91027
PV_dev                    SET    2082     0.028808     0.005694     0.022495      0.10016
PV_SCUBE3                 SET    2044    0.0018964   0.00037152      0.02238      0.46624
PV_SCUBE3_dev             SET    1806    0.0020725   0.00038258     0.023712      0.46518
PV_SST                    SET    1935    0.0048543   0.00092634     0.022662      0.41519
PV_SULF1                  SET    2061     0.011147    0.0021926     0.022438      0.30967
PV_SULF1_dev              SET    1893     0.044402    0.0083843     0.022999     0.026771
PV_WFDC2                  SET    2218     0.034275    0.0069824     0.021427     0.054852
SST_ADGRG6                SET    2136    0.0089377    0.0017883     0.022223      0.34377
SST_ADGRG6_dev            SET    2067    0.0077259    0.0015217     0.022203      0.36394
SST_B3GAT2                SET    2113    -0.012517   -0.0024915     0.021917      0.71604
SST_BRINP3                SET    1923     -0.01726   -0.0032839     0.023174       0.7718
SST_CALB1                 SET    2060     0.015178    0.0029848     0.022573      0.25066
SST_CALB1_dev             SET    2181     0.051741     0.010456     0.021788    0.0087832
SST_NPY                   SET    1624    -0.010456   -0.0018336     0.024675      0.66412
SST_STK32A                SET    2077     0.032344    0.0063854     0.022731     0.077384
SST_TH                    SET    1851    -0.016676    -0.003115     0.023006      0.76572
Vas_CLDN5                 SET    1553    -0.033858   -0.0058108     0.025628      0.90677
Vas_PDGFRB                SET    1565    -0.043219    -0.007445     0.024949      0.95838
Vas_TBX18                 SET    1916    -0.031215   -0.0059286     0.022818      0.91434
VIP_ABI3BP                SET    2095    -0.023023   -0.0045641     0.022229      0.84983
VIP_ADAMTSL1              SET    2062     0.012016    0.0023639     0.022248      0.29458
VIP_CHRM2                 SET    2190    -0.024686   -0.0049986     0.021921      0.86994
VIP_CRH                   SET    2132     0.029803    0.0059578     0.022231     0.090028
VIP_dev                   SET    1670     0.039662    0.0070503     0.024792     0.054826
VIP_DPP6                  SET    2023   0.00036904   7.1943e-05       0.0221      0.49334
VIP_HS3ST3A1              SET    2189   -0.0077748    -0.001574     0.021934       0.6385
VIP_KIRREL3               SET    2075    -0.011183   -0.0022067      0.02256      0.68994
VIP_PCDH20                SET    1687    -0.022926   -0.0040952     0.024727      0.82308
