# TOTAL_GENES = 51403
# TEST_DIRECTION = one-sided, positive (set), two-sided (covar)
# CONDITIONED_INTERNAL = gene size, gene density, inverse mac, log(gene size), log(gene density), log(inverse mac)
VARIABLE                 TYPE  NGENES         BETA     BETA_STD           SE            P
Astro_dev-1               SET    1683     0.011097    0.0019748     0.028126      0.34659
Astro_dev-2               SET    1685    0.0082619    0.0014711     0.027393      0.38148
Astro_dev-3               SET    1620     0.044318    0.0077428     0.027665     0.054589
Astro_dev-4               SET    1794    0.0019819   0.00036374     0.026521      0.47021
Astro_dev-5               SET    1227     0.016144    0.0024644     0.031818      0.30594
Astro_GFAP                SET    1684    -0.027911   -0.0049685     0.027458       0.8453
Astro_SLC1A2              SET    1691     0.013187    0.0023522     0.027936      0.31845
Astro_SLC1A2_dev          SET    1684     0.017345    0.0030876     0.028029      0.26802
BKGR_NRGN                 SET    1669     0.017764    0.0031485      0.02712      0.25624
CCK_RELN                  SET    1786      0.04072    0.0074573      0.02674     0.063905
CCK_SORCS1                SET    1812     0.030316    0.0055908     0.026303      0.12455
CCK_SYT6                  SET    1749     0.013834    0.0025081     0.026762       0.3026
CGE_dev                   SET    1647     0.086414     0.015218      0.02727   0.00076598
ID2_CSMD1                 SET    1774     0.018696    0.0034127     0.026782      0.24257
ID2_dev                   SET    1655      0.09215     0.016267     0.027993   0.00049804
L2_CUX2_LAMP5             SET    1803     0.031276     0.005754     0.026568      0.11955
L2_CUX2_LAMP5_dev         SET    1784     0.079256     0.014507     0.026064    0.0011807
L2-3_CUX2_dev-1           SET    1774      0.06212      0.01134     0.026615     0.009799
L2-3_CUX2_dev-2           SET    1816     0.026661     0.004922     0.026313      0.15547
L2-3_CUX2_dev-3           SET    1808     0.034654    0.0063838     0.026309     0.093896
L2-3_CUX2_dev-4           SET    1710     0.068167     0.012225     0.026996    0.0057857
L2-3_CUX2_dev-5           SET    1789     0.038959    0.0071406     0.026341     0.069573
L2-3_CUX2_dev-6           SET    1744     0.075575     0.013683     0.026419     0.002115
L2-3_CUX2_dev-fetal       SET    1755     0.051576    0.0093659     0.026613     0.026318
L3_CUX2_PRSS12            SET    1788     0.032053    0.0058732     0.026648      0.11453
L4_RORB_dev-1             SET    1849     0.030575    0.0056936     0.025766      0.11769
L4_RORB_dev-2             SET    1730      0.09517     0.017163     0.027007   0.00021287
L4_RORB_dev-fetal         SET    1795      0.05686     0.010438     0.026303     0.015323
L4_RORB_LRRK1             SET    1774      0.10054     0.018353     0.026606   7.8892e-05
L4_RORB_MET               SET    1821      0.08941     0.016528     0.026066   0.00030202
L4_RORB_MME               SET    1810      0.10033     0.018493     0.026179   6.3501e-05
L5-6_THEMIS_CNR1          SET    1715     0.082245      0.01477     0.026598   0.00099424
L5-6_THEMIS_dev-1         SET    1821     0.074619     0.013794     0.026172    0.0021795
L5-6_THEMIS_dev-2         SET    1774      0.10149     0.018525     0.026715   7.2832e-05
L5-6_THEMIS_NTNG2         SET    1751     0.072214     0.013099     0.026454    0.0031703
L5-6_TLE4_dev             SET    1802     0.048964    0.0090056     0.026288     0.031267
L5-6_TLE4_HTR2C           SET    1772   -0.0038906  -0.00070981     0.026637      0.55806
L5-6_TLE4_SCUBE1          SET    1817     0.049906    0.0092156     0.026751     0.031057
L5-6_TLE4_SORCS1          SET    1786     0.061732     0.011305     0.026563     0.010065
LAMP5_CCK                 SET    1790     0.036512    0.0066938     0.026743     0.086084
LAMP5_NDNF                SET    1789     0.039657    0.0072686     0.026954     0.070611
LAMP5_NOS1                SET    1767     0.085101     0.015505     0.027222   0.00088631
MGE_dev-1                 SET    1595     0.086364     0.014975     0.028607    0.0012692
MGE_dev-2                 SET    1683     0.093149     0.016577     0.026617   0.00023323
Micro                     SET    1574    -0.024636   -0.0042445      0.02851      0.80624
Micro_out                 SET    1557    -0.061635    -0.010563     0.028284      0.98533
Oligo_mat                 SET    1633     0.098941     0.017353     0.028016   0.00020679
Oligo-1                   SET    1573     0.078334     0.013492     0.028502    0.0029964
Oligo-2                   SET    1621     0.069261     0.012104     0.028073    0.0068114
Oligo-3                   SET    1511     0.067797     0.011452      0.02898    0.0096584
Oligo-4                   SET    1526     0.083833     0.014229     0.028659    0.0017223
Oligo-5                   SET    1598     0.083344     0.014465     0.028428    0.0016862
OPC                       SET    1690     0.020537    0.0036621     0.027521      0.22777
OPC_dev                   SET    1672     0.030555    0.0054204     0.027092       0.1297
OPC_MBP                   SET    1705     0.040643    0.0072783     0.027508     0.069775
PN_dev                    SET    1787     0.091723     0.016802     0.026703   0.00029674
PV_dev                    SET    1714     0.056047     0.010063     0.027354     0.020237
PV_SCUBE3                 SET    1790     0.048404     0.008874      0.02642     0.033474
PV_SCUBE3_dev             SET    1717     0.071094     0.012775     0.027474    0.0048338
PV_SST                    SET    1762     0.047821    0.0087008     0.027085     0.038738
PV_SULF1                  SET    1763     0.030601    0.0055692     0.026324      0.12252
PV_SULF1_dev              SET    1794    0.0048435   0.00088892      0.02642      0.42727
PV_WFDC2                  SET    1808     0.040157    0.0073977     0.026095     0.061922
SST_ADGRG6                SET    1769     0.037255    0.0067912      0.02695     0.083432
SST_ADGRG6_dev            SET    1736     0.064238     0.011604     0.026877    0.0084256
SST_B3GAT2                SET    1753     0.036665    0.0066546     0.026645     0.084406
SST_BRINP3                SET    1764      0.03529    0.0064243     0.026506     0.091532
SST_CALB1                 SET    1756     0.033403    0.0060675     0.027101      0.10888
SST_CALB1_dev             SET    1716     0.074281     0.013344     0.027382    0.0033385
SST_NPY                   SET    1572   -0.0037529  -0.00064619     0.027364      0.55454
SST_STK32A                SET    1743     0.017872    0.0032348     0.027272      0.25613
SST_TH                    SET    1774     0.023609    0.0043096     0.026473      0.18625
Vas_CLDN5                 SET    1537    -0.060022    -0.010223     0.028524      0.98232
Vas_PDGFRB                SET    1547    -0.071619    -0.012236     0.027802        0.995
Vas_TBX18                 SET    1643     -0.11044    -0.019428     0.027245      0.99997
VIP_ABI3BP                SET    1763  -0.00022253  -4.0499e-05     0.026641      0.50333
VIP_ADAMTSL1              SET    1783     0.031216    0.0057121      0.02637      0.11826
VIP_CHRM2                 SET    1797     0.014968    0.0027494     0.026165      0.28364
VIP_CRH                   SET    1792      0.04893    0.0089754     0.026578     0.032814
VIP_dev                   SET    1612     0.092008     0.016036     0.027897   0.00048726
VIP_DPP6                  SET    1780    0.0015206   0.00027803     0.026048      0.47672
VIP_HS3ST3A1              SET    1782     0.023383    0.0042777     0.026247      0.18649
VIP_KIRREL3               SET    1770     0.065183     0.011886     0.026902    0.0076998
VIP_PCDH20                SET    1645     0.083457     0.014689     0.027846    0.0013638
