# TOTAL_GENES = 18582
# TEST_DIRECTION = one-sided, positive (set), two-sided (covar)
# CONDITIONED_INTERNAL = gene size, gene density, sample size, inverse mac, log(gene size), log(gene density), log(sample size), log(inverse mac)
VARIABLE                 TYPE  NGENES         BETA     BETA_STD           SE            P
Astro_dev-1               SET    1447     0.016656    0.0044633     0.040028      0.33867
Astro_dev-2               SET    1272     -0.02974   -0.0075102     0.043113      0.75484
Astro_dev-3               SET    1219    -0.035815   -0.0088673     0.042299      0.80141
Astro_dev-4               SET    1072     -0.11698    -0.027276     0.046115       0.9944
Astro_dev-5               SET     818     0.025071    0.0051433     0.051521      0.31327
Astro_GFAP                SET    1408    -0.022221   -0.0058805     0.040681      0.70754
Astro_SLC1A2              SET    1404    0.0048341    0.0012776     0.040642      0.45266
Astro_SLC1A2_dev          SET    1396    -0.038304    -0.010097      0.04086      0.82573
BKGR_NRGN                 SET    1514    -0.040032    -0.010952     0.039325      0.84565
CCK_RELN                  SET     937     0.015816     0.003461     0.048869      0.37311
CCK_SORCS1                SET     958     -0.07031    -0.015548      0.04827      0.92737
CCK_SYT6                  SET     889    -0.077882    -0.016623     0.049875      0.94079
CGE_dev                   SET     804     0.035765    0.0072769     0.052019      0.24588
ID2_CSMD1                 SET     936   -0.0090119    -0.001971     0.048103       0.5743
ID2_dev                   SET     892     0.038249    0.0081768     0.050137      0.22277
L2_CUX2_LAMP5             SET    1265    -0.022519   -0.0056721     0.041835       0.7048
L2_CUX2_LAMP5_dev         SET    1130      0.04684     0.011194     0.043906      0.14304
L2-3_CUX2_dev-1           SET    1260   -0.0028108   -0.0007067     0.042112      0.52661
L2-3_CUX2_dev-2           SET    1219     -0.02705   -0.0066973     0.042386      0.73832
L2-3_CUX2_dev-3           SET    1232    -0.049256    -0.012255      0.04229      0.87792
L2-3_CUX2_dev-4           SET     991    -0.056208     -0.01263     0.046324      0.88749
L2-3_CUX2_dev-5           SET    1254    -0.001525  -0.00038256     0.041841      0.51454
L2-3_CUX2_dev-6           SET    1071     0.058055      0.01353      0.04618      0.10436
L2-3_CUX2_dev-fetal       SET     990    -0.020764   -0.0046634     0.046312      0.67305
L3_CUX2_PRSS12            SET    1196     0.017704    0.0043446     0.043073      0.34054
L4_RORB_dev-1             SET     863     -0.09582    -0.020165       0.0494      0.97378
L4_RORB_dev-2             SET    1333     0.039844     0.010282     0.041407      0.16797
L4_RORB_dev-fetal         SET    1011     0.013093    0.0029698     0.047149      0.39063
L4_RORB_LRRK1             SET    1313      0.08438     0.021624     0.041646     0.021385
L4_RORB_MET               SET    1174     0.039371    0.0095787     0.043534       0.1829
L4_RORB_MME               SET    1033     0.024829    0.0056892     0.045835      0.29402
L5-6_THEMIS_CNR1          SET    1244     0.046526     0.011628     0.042188      0.13506
L5-6_THEMIS_dev-1         SET     989   -0.0032284  -0.00072473     0.047309       0.5272
L5-6_THEMIS_dev-2         SET    1250     0.051811     0.012978     0.042513      0.11149
L5-6_THEMIS_NTNG2         SET    1119    0.0050901    0.0012109     0.043802      0.45374
L5-6_TLE4_dev             SET     963     0.028803    0.0063849      0.04712      0.27052
L5-6_TLE4_HTR2C           SET    1118    -0.017934   -0.0042647     0.043992      0.65824
L5-6_TLE4_SCUBE1          SET    1217     0.026566    0.0065724     0.042944      0.26809
L5-6_TLE4_SORCS1          SET    1180     0.082001     0.019998     0.042996     0.028258
LAMP5_CCK                 SET    1116    -0.029367   -0.0069776     0.044902      0.74345
LAMP5_NDNF                SET    1006     0.036885     0.008347     0.047302      0.21777
LAMP5_NOS1                SET    1052    -0.046009    -0.010633     0.046813      0.83715
MGE_dev-1                 SET     887     0.090115     0.019213     0.049599     0.034628
MGE_dev-2                 SET     771     0.066753     0.013313     0.051218     0.096246
Micro                     SET    1575    -0.085415    -0.023791     0.038709      0.98632
Micro_out                 SET    1307      -0.1412    -0.036107     0.041781      0.99964
Oligo_mat                 SET    1519     0.043721     0.011979     0.039188      0.13229
Oligo-1                   SET    1497     0.072031     0.019605     0.038948      0.03221
Oligo-2                   SET    1485     0.062877      0.01705      0.03883     0.052703
Oligo-3                   SET    1562     0.092161     0.025573     0.037804     0.007394
Oligo-4                   SET    1356     0.036973    0.0096166     0.040085      0.17818
Oligo-5                   SET    1187     0.014982    0.0036637     0.042444      0.36206
OPC                       SET    1408     0.019815    0.0052438      0.04015      0.31083
OPC_dev                   SET    1079     0.032226    0.0075369     0.045562      0.23969
OPC_MBP                   SET    1194     -0.01006    -0.002467     0.043454      0.59154
PN_dev                    SET     874    -0.087602    -0.018547      0.05054      0.95847
PV_dev                    SET    1086     0.049294     0.011564     0.046552      0.14483
PV_SCUBE3                 SET     997    -0.070195    -0.015818     0.045904      0.93688
PV_SCUBE3_dev             SET     871    -0.027549   -0.0058232     0.049921      0.70947
PV_SST                    SET     879    -0.098137    -0.020834     0.049029      0.97733
PV_SULF1                  SET    1030     -0.02164   -0.0049518     0.046855       0.6779
PV_SULF1_dev              SET     923    0.0068845    0.0014958     0.048088      0.44308
PV_WFDC2                  SET    1122     0.021096     0.005025     0.044932      0.31936
SST_ADGRG6                SET    1157   0.00043286    0.0001046     0.044064      0.49608
SST_ADGRG6_dev            SET     984    -0.045172    -0.010116     0.048187      0.82572
SST_B3GAT2                SET    1096     0.053495     0.012603     0.046204      0.12349
SST_BRINP3                SET     955    -0.061541    -0.013589     0.047991      0.90013
SST_CALB1                 SET    1075   -0.0034034  -0.00079459      0.04592      0.52954
SST_CALB1_dev             SET    1162     0.035534    0.0086037     0.044177      0.21061
SST_NPY                   SET     772    -0.023451   -0.0046798     0.052069      0.67378
SST_STK32A                SET    1081     0.037297    0.0087305     0.045721      0.20733
SST_TH                    SET     962    -0.072728    -0.016114     0.046595      0.94071
Vas_CLDN5                 SET    1148     -0.13779    -0.033175     0.043836      0.99916
Vas_PDGFRB                SET    1090    -0.075426    -0.017725      0.04518      0.95247
Vas_TBX18                 SET    1235     -0.12682     -0.03159     0.042031      0.99872
VIP_ABI3BP                SET    1017    -0.039492   -0.0089827      0.04614      0.80397
VIP_ADAMTSL1              SET     937    -0.018651   -0.0040813     0.047816      0.65175
VIP_CHRM2                 SET     988     0.025106    0.0056332     0.047549      0.29875
VIP_CRH                   SET     956    0.0013744   0.00030362     0.047926      0.48856
VIP_dev                   SET     676     0.041181    0.0077106     0.055928      0.23078
VIP_DPP6                  SET     863     0.032282    0.0067936     0.049635      0.25773
VIP_HS3ST3A1              SET    1076      0.03732    0.0087169     0.045753      0.20735
VIP_KIRREL3               SET     942     0.023336    0.0051194     0.048861      0.31647
VIP_PCDH20                SET     783      0.01027    0.0020633     0.052876        0.423
