# TOTAL_GENES = 51176
# TEST_DIRECTION = one-sided, positive (set), two-sided (covar)
# CONDITIONED_INTERNAL = gene size, gene density, inverse mac, log(gene size), log(gene density), log(inverse mac)
# CONDITIONED_VARIABLES = L4_RORB_MET (set)
VARIABLE                 TYPE  MODEL  NGENES         BETA     BETA_STD           SE            P
L4_RORB_MET               SET      1    2298     0.080193     0.016608     0.023719   0.00036155
Astro_dev-1               SET      1    2304     0.044832    0.0092961     0.024053     0.031174
L4_RORB_MET               SET      2    2298     0.079778     0.016522     0.023719   0.00038537
Astro_dev-2               SET      2    2232     0.017409    0.0035556     0.024204      0.23599
L4_RORB_MET               SET      3    2298     0.079829     0.016532     0.023719   0.00038232
Astro_dev-3               SET      3    1863     0.021137    0.0039588     0.025592      0.20443
L4_RORB_MET               SET      4    2298      0.08006      0.01658     0.023724   0.00037006
Astro_dev-4               SET      4    1972    -0.011509   -0.0022153     0.025374      0.67493
L4_RORB_MET               SET      5    2298     0.079461     0.016456     0.023724   0.00040538
Astro_dev-5               SET      5    1240     0.025003    0.0038446     0.031463      0.21341
L4_RORB_MET               SET      6    2298     0.079976     0.016563      0.02372   0.00037402
Astro_GFAP                SET      6    2261    -0.015896   -0.0032665     0.023873      0.74724
L4_RORB_MET               SET      7    2298     0.079705     0.016506      0.02372   0.00038985
Astro_SLC1A2              SET      7    2350     0.015423    0.0032282     0.023703      0.25763
L4_RORB_MET               SET      8    2298     0.080151     0.016599      0.02372   0.00036412
Astro_SLC1A2_dev          SET      8    2258     0.030243     0.006211     0.024718      0.11057
L4_RORB_MET               SET      9    2298     0.080002     0.016568     0.023905   0.00040933
BKGR_NRGN                 SET      9    2078   -0.0013548   -0.0002674     0.024688      0.52188
L4_RORB_MET               SET     10    2298     0.080098     0.016588     0.023752   0.00037317
CCK_RELN                  SET     10    2001   -0.0052395   -0.0010156     0.025162      0.58248
L4_RORB_MET               SET     11    2298     0.079261     0.016415     0.023808   0.00043596
CCK_SORCS1                SET     11    2120    0.0068506    0.0013651     0.024338      0.38917
L4_RORB_MET               SET     12    2298     0.080728     0.016718     0.023755   0.00033939
CCK_SYT6                  SET     12    1826    -0.017595   -0.0032637     0.025861      0.75186
L4_RORB_MET               SET     13    2298     0.079306     0.016424     0.023721    0.0004143
CGE_dev                   SET     13    2009      0.04087    0.0079372     0.024537     0.047898
L4_RORB_MET               SET     14    2298     0.081793     0.016939     0.023788   0.00029296
ID2_CSMD1                 SET     14    2067    -0.026286    -0.005175      0.02439      0.85942
L4_RORB_MET               SET     15    2298      0.07901     0.016363      0.02373   0.00043539
ID2_dev                   SET     15    1879     0.029731    0.0055914     0.025766      0.12428
L4_RORB_MET               SET     16    2298      0.07786     0.016124     0.025125   0.00097207
L2_CUX2_LAMP5             SET     16    2356    0.0058296    0.0012217      0.02441      0.40562
L4_RORB_MET               SET     17    2298     0.062345     0.012911     0.025153    0.0065965
L2_CUX2_LAMP5_dev         SET     17    2229     0.052873     0.010792     0.025312     0.018362
L4_RORB_MET               SET     18    2298     0.064424     0.013342     0.025714    0.0061172
L2-3_CUX2_dev-1           SET     18    2338      0.03933    0.0082123     0.025338     0.060308
L4_RORB_MET               SET     19    2298     0.076743     0.015893     0.023962   0.00068135
L2-3_CUX2_dev-2           SET     19    2331     0.021505    0.0044839      0.02363       0.1814
L4_RORB_MET               SET     20    2298     0.081028      0.01678     0.024454   0.00046122
L2-3_CUX2_dev-3           SET     20    2307   -0.0048507   -0.0010064     0.024274      0.57919
L4_RORB_MET               SET     21    2298      0.07923     0.016408     0.023723   0.00041968
L2-3_CUX2_dev-4           SET     21    2166     0.031583    0.0063586     0.023688     0.091223
L4_RORB_MET               SET     22    2298     0.079549     0.016474     0.024465   0.00057437
L2-3_CUX2_dev-5           SET     22    2220    0.0011831   0.00024101     0.024435      0.48069
L4_RORB_MET               SET     23    2298     0.078043     0.016162     0.023781   0.00051633
L2-3_CUX2_dev-6           SET     23    2127     0.025541    0.0050978      0.02435      0.14711
L4_RORB_MET               SET     24    2298     0.078881     0.016336     0.023752   0.00044879
L2-3_CUX2_dev-fetal       SET     24    2141     0.018265     0.003657      0.02363      0.21977
L4_RORB_MET               SET     25    2298     0.090199      0.01868     0.025662   0.00022023
L3_CUX2_PRSS12            SET     25    2235    -0.027567   -0.0056339     0.026063       0.8549
L4_RORB_MET               SET     26    2298     0.081973     0.016976     0.023796   0.00028609
L4_RORB_dev-1             SET     26    1989     -0.02735   -0.0052862     0.024546      0.86741
L4_RORB_MET               SET     27    2298     0.051077     0.010578     0.024553     0.018753
L4_RORB_dev-2             SET     27    2309      0.11003     0.022839     0.024364   3.1602e-06
L4_RORB_MET               SET     28    2298     0.076368     0.015815      0.02374   0.00064851
L4_RORB_dev-fetal         SET     28    2317     0.076501     0.015905     0.023446   0.00055211
L4_RORB_MET               SET     29    2298     0.042825    0.0088688     0.026456     0.052757
L4_RORB_LRRK1             SET     29    2314     0.082554     0.017153     0.026148   0.00079729
L4_RORB_MET               SET     30    2298     0.078219     0.016199     0.025759    0.0011973
L4_RORB_MME               SET     30    2189    0.0042044   0.00085075     0.026071      0.43594
L4_RORB_MET               SET     31    2298     0.070127     0.014523     0.025468    0.0029496
L5-6_THEMIS_CNR1          SET     31    2134     0.027005    0.0053983     0.025792      0.14755
L4_RORB_MET               SET     32    2298     0.077847     0.016122     0.023731   0.00051888
L5-6_THEMIS_dev-1         SET     32    2334     0.057139     0.011921     0.023362    0.0072297
L4_RORB_MET               SET     33    2298     0.071213     0.014748     0.024022    0.0015171
L5-6_THEMIS_dev-2         SET     33    2294      0.05374      0.01112      0.02375     0.011829
L4_RORB_MET               SET     34    2298     0.073567     0.015235     0.024415    0.0012938
L5-6_THEMIS_NTNG2         SET     34    1924     0.028093    0.0053438     0.025934      0.13936
L4_RORB_MET               SET     35    2298      0.07808      0.01617     0.023741   0.00050352
L5-6_TLE4_dev             SET     35    2327     0.038994    0.0081238     0.022969     0.044792
L4_RORB_MET               SET     36    2298     0.091759     0.019003     0.024193   7.4591e-05
L5-6_TLE4_HTR2C           SET     36    2170    -0.060598    -0.012211     0.024262      0.99375
L4_RORB_MET               SET     37    2298     0.075986     0.015736      0.02418   0.00083839
L5-6_TLE4_SCUBE1          SET     37    2319     0.019714    0.0041003     0.024041      0.20611
L4_RORB_MET               SET     38    2298      0.06602     0.013672      0.02453    0.0035597
L5-6_TLE4_SORCS1          SET     38    2271     0.053432     0.011003     0.024212     0.013665
L4_RORB_MET               SET     39    2298     0.078802      0.01632      0.02381   0.00046747
LAMP5_CCK                 SET     39    2151     0.012335    0.0024752     0.024637       0.3083
L4_RORB_MET               SET     40    2298     0.079334      0.01643     0.023765   0.00042198
LAMP5_NDNF                SET     40    2125    0.0083361     0.001663     0.024313      0.36585
L4_RORB_MET               SET     41    2298     0.078775     0.016314     0.023766   0.00045933
LAMP5_NOS1                SET     41    2084     0.017576    0.0034739     0.024584      0.23732
L4_RORB_MET               SET     42    2298     0.079087     0.016378     0.023719    0.0004281
MGE_dev-1                 SET     42    1980     0.059881     0.011549     0.024918    0.0081296
L4_RORB_MET               SET     43    2298     0.078744     0.016307     0.023723    0.0004517
MGE_dev-2                 SET     43    1937     0.054441     0.010389     0.024951     0.014562
L4_RORB_MET               SET     44    2298      0.08029     0.016628     0.023721    0.0003566
Micro                     SET     44    2240     -0.03298   -0.0067472     0.023927      0.91595
L4_RORB_MET               SET     45    2298     0.081234     0.016823     0.023722   0.00030836
Micro_out                 SET     45    1801    -0.074629    -0.013752     0.026258      0.99776
L4_RORB_MET               SET     46    2298     0.080804     0.016734     0.023717   0.00032869
Oligo_mat                 SET     46    2290     0.086078     0.017797     0.024342   0.00020328
L4_RORB_MET               SET     47    2298     0.081498     0.016878      0.02372   0.00029568
Oligo-1                   SET     47    2236     0.086242     0.017629     0.024432   0.00020822
L4_RORB_MET               SET     48    2298     0.080618     0.016696     0.023719   0.00033866
Oligo-2                   SET     48    2264     0.064222     0.013206     0.024217    0.0040033
L4_RORB_MET               SET     49    2298      0.08087     0.016748     0.023715   0.00032508
Oligo-3                   SET     49    2180     0.099106     0.020015     0.024358   2.3685e-05
L4_RORB_MET               SET     50    2298     0.080319     0.016634     0.023718   0.00035439
Oligo-4                   SET     50    2013     0.067735     0.013167     0.025404    0.0038368
L4_RORB_MET               SET     51    2298     0.080447      0.01666      0.02372   0.00034797
Oligo-5                   SET     51    1916     0.048697    0.0092445     0.025928     0.030186
L4_RORB_MET               SET     52    2298     0.078652     0.016288     0.023732   0.00046015
OPC                       SET     52    2349     0.035048    0.0073345     0.023916     0.071406
L4_RORB_MET               SET     53    2298     0.079602     0.016485     0.023722    0.0003963
OPC_dev                   SET     53    2111     0.017183    0.0034171     0.024623      0.24264
L4_RORB_MET               SET     54    2298     0.079054     0.016372     0.023727   0.00043178
OPC_MBP                   SET     54    2051     0.032713    0.0064163     0.025284      0.09787
L4_RORB_MET               SET     55    2298     0.079057     0.016372     0.023719   0.00043001
PN_dev                    SET     55    2328     0.057558     0.011994     0.023147    0.0064509
L4_RORB_MET               SET     56    2298     0.076764     0.015897     0.023747   0.00061389
PV_dev                    SET     56    2074     0.064635     0.012746     0.024869    0.0046767
L4_RORB_MET               SET     57    2298     0.079223     0.016407     0.023791   0.00043485
PV_SCUBE3                 SET     57    2061    0.0082183    0.0016157     0.024683      0.36958
L4_RORB_MET               SET     58    2298     0.079268     0.016416     0.023724   0.00041742
PV_SCUBE3_dev             SET     58    1801     0.031037    0.0057192     0.026221      0.11827
L4_RORB_MET               SET     59    2298     0.080926     0.016759     0.023766   0.00033098
PV_SST                    SET     59    1942    -0.018364   -0.0035087     0.025055       0.7682
L4_RORB_MET               SET     60    2298     0.080874     0.016749     0.023847   0.00034815
PV_SULF1                  SET     60    2077    -0.010392   -0.0020507     0.024763      0.66264
L4_RORB_MET               SET     61    2298     0.081062     0.016788     0.023762   0.00032347
PV_SULF1_dev              SET     61    1908    -0.021882   -0.0041456     0.025479      0.80478
L4_RORB_MET               SET     62    2298      0.08044     0.016659     0.023829   0.00036843
PV_WFDC2                  SET     62    2248   -0.0062422   -0.0012792     0.023658      0.60405
L4_RORB_MET               SET     63    2298     0.078432     0.016243     0.023813   0.00049492
SST_ADGRG6                SET     63    2144     0.016473    0.0033003     0.024682      0.25226
L4_RORB_MET               SET     64    2298     0.079471     0.016458     0.023775   0.00041542
SST_ADGRG6_dev            SET     64    2067    0.0056313    0.0011087     0.024859       0.4104
L4_RORB_MET               SET     65    2298      0.07943      0.01645     0.023819   0.00042735
SST_B3GAT2                SET     65    2120    0.0045483   0.00090636     0.024194      0.42544
L4_RORB_MET               SET     66    2298     0.080138     0.016596     0.023769   0.00037424
SST_BRINP3                SET     66    1928   -0.0048941  -0.00093187     0.025207      0.57697
L4_RORB_MET               SET     67    2298     0.081568     0.016892     0.023859   0.00031489
SST_CALB1                 SET     67    2074    -0.016649    -0.003283      0.02482      0.74881
L4_RORB_MET               SET     68    2298     0.078099     0.016174     0.023797   0.00051607
SST_CALB1_dev             SET     68    2172     0.021959    0.0044268     0.024281      0.18291
L4_RORB_MET               SET     69    2298     0.080713     0.016715     0.023742   0.00033787
SST_NPY                   SET     69    1620    -0.022487   -0.0039371     0.026874      0.79864
L4_RORB_MET               SET     70    2298     0.082559     0.017098     0.023765   0.00025673
SST_STK32A                SET     70    2081    -0.045913   -0.0090683     0.025171      0.96592
L4_RORB_MET               SET     71    2298     0.080828     0.016739     0.023795   0.00034119
SST_TH                    SET     71    1855    -0.013364   -0.0024977     0.025582       0.6993
L4_RORB_MET               SET     72    2298     0.081339     0.016845     0.023726   0.00030414
Vas_CLDN5                 SET     72    1576    -0.064719    -0.011181     0.027761      0.99013
L4_RORB_MET               SET     73    2298     0.081089     0.016793     0.023721   0.00031531
Vas_PDGFRB                SET     73    1579     -0.07452    -0.012886     0.027262      0.99686
L4_RORB_MET               SET     74    2298     0.084626     0.017526     0.023728   0.00018109
Vas_TBX18                 SET     74    1929     -0.13175    -0.025092     0.025219            1
L4_RORB_MET               SET     75    2298     0.080947     0.016764     0.023784    0.0003332
VIP_ABI3BP                SET     75    2089     -0.01543   -0.0030532     0.024497      0.73561
L4_RORB_MET               SET     76    2298      0.07948      0.01646     0.023803   0.00042082
VIP_ADAMTSL1              SET     76    2061    0.0043684   0.00085883     0.024265      0.42857
L4_RORB_MET               SET     77    2298     0.079983     0.016564     0.023807   0.00039059
VIP_CHRM2                 SET     77    2195   -0.0017049  -0.00034543     0.024167      0.52812
L4_RORB_MET               SET     78    2298      0.08042     0.016655     0.023834    0.0003707
VIP_CRH                   SET     78    2145   -0.0060184   -0.0012061      0.02424      0.59804
L4_RORB_MET               SET     79    2298     0.079669     0.016499      0.02372   0.00039195
VIP_dev                   SET     79    1663     0.022845    0.0040508     0.026841      0.19735
L4_RORB_MET               SET     80    2298     0.079951     0.016557     0.023763   0.00038374
VIP_DPP6                  SET     80    2040   -0.0018921  -0.00037017     0.024248       0.5311
L4_RORB_MET               SET     81    2298     0.080705     0.016714     0.023786    0.0003461
VIP_HS3ST3A1              SET     81    2178    -0.011782   -0.0023784      0.02421      0.68676
L4_RORB_MET               SET     82    2298      0.07888     0.016336     0.023767    0.0004523
VIP_KIRREL3               SET     82    2077     0.015702    0.0030986     0.024618      0.26179
L4_RORB_MET               SET     83    2298     0.078663     0.016291     0.023744   0.00046215
VIP_PCDH20                SET     83    1686     0.029138     0.005201     0.027212      0.14214
